\BOOKMARK [0][]{chapter*.1}{Muc luc}{}% 1
\BOOKMARK [0][]{chapter*.2}{Danh s\341ch h\354nh ve}{}% 2
\BOOKMARK [0][]{chapter*.2}{Danh s\341ch h\354nh ve}{}% 3
\BOOKMARK [0][]{chapter.1}{1 \320\342y l\340 chng 1 }{}% 4
\BOOKMARK [1][]{section.1.1}{1.1 Section u ti\352n}{chapter.1}% 5
\BOOKMARK [1][]{section.1.2}{1.2 Section tip theo}{chapter.1}% 6
\BOOKMARK [2][]{subsection.1.2.1}{1.2.1 \320\342y l\340 subsection }{section.1.2}% 7
\BOOKMARK [3][]{subsubsection.1.2.1.1}{1.2.1.1 \320\342y l\340 sunsubsection }{subsection.1.2.1}% 8
\BOOKMARK [2][]{subsection.1.2.2}{1.2.2 \320\342y l\340 subsection tip theo}{section.1.2}% 9
\BOOKMARK [2][]{And this is what I want bookmarked.2}{bookmark text is here}{section.1.2}% 10
\BOOKMARK [1][]{section.1.3}{1.3 Kt chng}{chapter.1}% 11
\BOOKMARK [0][]{chapter.2}{2 \320\342y l\340 chng 2}{}% 12
\BOOKMARK [1][]{section.2.1}{2.1 First Section}{chapter.2}% 13
\BOOKMARK [1][]{section.2.2}{2.2 Second Section}{chapter.2}% 14
\BOOKMARK [2][]{subsection.2.2.1}{2.2.1 first subsection in the Second Section}{section.2.2}% 15
\BOOKMARK [2][]{subsection.2.2.2}{2.2.2 second subsection in the Second Section}{section.2.2}% 16
\BOOKMARK [2][]{subsection.2.2.3}{2.2.3 third subsection in the Second Section}{section.2.2}% 17
\BOOKMARK [1][]{section.2.3}{2.3 Kt chng}{chapter.2}% 18
\BOOKMARK [0][]{chapter.3}{3 Chng 3}{}% 19
\BOOKMARK [1][]{section.3.1}{3.1 First Section of the Third Chapter}{chapter.3}% 20
\BOOKMARK [2][]{subsection.3.1.1}{3.1.1 first subsection in the First Section}{section.3.1}% 21
\BOOKMARK [2][]{subsection.3.1.2}{3.1.2 second subsection in the First Section}{section.3.1}% 22
\BOOKMARK [3][]{subsubsection.3.1.2.1}{3.1.2.1 first subsub section in the second subsection}{subsection.3.1.2}% 23
\BOOKMARK [2][]{subsection.3.1.3}{3.1.3 third subsection in the First Section}{section.3.1}% 24
\BOOKMARK [3][]{subsubsection.3.1.3.1}{3.1.3.1 first subsub section in the third subsection}{subsection.3.1.3}% 25
\BOOKMARK [3][]{subsubsection.3.1.3.2}{3.1.3.2 second subsub section in the third subsection}{subsection.3.1.3}% 26
\BOOKMARK [1][]{section.3.2}{3.2 Second Section of the Third Chapter}{chapter.3}% 27
\BOOKMARK [1][]{section.3.3}{3.3 Kt chng}{chapter.3}% 28
\BOOKMARK [0][]{chapter.4}{4 Kt lun v\340 hng ph\341t trin}{}% 29
\BOOKMARK [0][]{appendix*.3}{Phu luc A}{}% 30
\BOOKMARK [0][]{appendix*.4}{Phu luc B}{}% 31
\BOOKMARK [0][]{appendix*.5}{References}{}% 32
